2025-07-06 20:16:57.110 Main INFO: Bienvenue, Bienvenido, Willkommen, Hello, Namaskar, Welkom, Bonjour to OpenPnP version 2025-02-02_20-41-38.e468422.
2025-07-06 20:17:42.412 GcodeDriver$ReaderThread ERROR: [MEGA2560-2:ttyS0] Read error: java.io.IOException: Read error.
	at org.openpnp.machine.reference.driver.SerialPortCommunications.read(SerialPortCommunications.java:150)
	at org.openpnp.machine.reference.driver.ReferenceDriverCommunications.readUntil(ReferenceDriverCommunications.java:108)
	at org.openpnp.machine.reference.driver.ReferenceDriverCommunications.readLine(ReferenceDriverCommunications.java:86)
	at org.openpnp.machine.reference.driver.GcodeDriver$ReaderThread.run(GcodeDriver.java:1487)
2025-07-06 20:17:57.093 ReferenceMachine INFO: setHomed(true)
2025-07-06 20:38:22.532 GcodeDriver WARNING: Position report cannot be processed when motion might still be pending. Missing Machine Coordination on Actuators?
2025-07-06 20:39:34.428 ReferenceMachine INFO: setHomed(false)
2025-07-06 20:40:10.206 GcodeDriver$ReaderThread ERROR: [MEGA2560-2:ttyS0] Read error: java.io.IOException: Read error.
	at org.openpnp.machine.reference.driver.SerialPortCommunications.read(SerialPortCommunications.java:150)
	at org.openpnp.machine.reference.driver.ReferenceDriverCommunications.readUntil(ReferenceDriverCommunications.java:108)
	at org.openpnp.machine.reference.driver.ReferenceDriverCommunications.readLine(ReferenceDriverCommunications.java:86)
	at org.openpnp.machine.reference.driver.GcodeDriver$ReaderThread.run(GcodeDriver.java:1487)
2025-07-06 20:40:28.874 ReferenceMachine INFO: setHomed(true)
2025-07-06 20:42:05.768 ReferenceMachine INFO: setHomed(false)
2025-07-06 20:42:08.807 ReferenceMachine INFO: setHomed(true)
2025-07-06 20:45:01.561 ReferenceMachine INFO: setHomed(false)
2025-07-06 20:45:06.264 ReferenceMachine INFO: setHomed(true)
2025-07-06 20:45:44.528 ReferenceMachine INFO: setHomed(false)
2025-07-06 20:45:48.243 ReferenceMachine INFO: setHomed(true)
2025-07-06 20:46:35.796 ReferenceMachine INFO: setHomed(false)
2025-07-06 20:46:39.375 ReferenceMachine INFO: setHomed(true)
2025-07-06 20:47:04.210 ReferenceMachine INFO: setHomed(false)
2025-07-06 20:47:06.638 ReferenceMachine INFO: setHomed(true)
2025-07-06 20:50:02.937 ReferenceNozzle INFO: Set manual nozzle tip change location for N1 to (77.223000, 188.168000, 0.000000, 0.000000 mm) (previously (101.673000, 90.268000, 0.000000, 0.000000 mm))
2025-07-06 20:50:02.937 VisionSolutions INFO: Set nozzle N1 head offsets to (-24.450000, 97.900000, 0.000000, 0.000000 mm) (previously (-21.283000, -58.000000, 0.000000, 0.000000 mm))
2025-07-06 20:51:22.666 ReferenceNozzle INFO: Set manual nozzle tip change location for N1 to (80.390000, 32.268000, 0.000000, 0.000000 mm) (previously (77.223000, 188.168000, 0.000000, 0.000000 mm))
2025-07-06 20:51:22.674 ReferenceNozzle INFO: Set camera Bottom Vision head offsets to (100.983000, -39.112000, -23.000000, 0.000000 mm) (previously (97.816000, 116.788000, -23.000000, 0.000000 mm))
2025-07-06 20:51:24.611 ReferenceNozzle INFO: Set manual nozzle tip change location for N1 to (59.290000, -27.432000, 0.000000, 0.000000 mm) (previously (80.390000, 32.268000, 0.000000, 0.000000 mm))
2025-07-06 20:51:24.612 VisionSolutions INFO: Set nozzle N1 head offsets to (-21.100000, -59.700000, 0.000000, 0.000000 mm) (previously (-21.283000, -58.000000, 0.000000, 0.000000 mm))
2025-07-06 20:52:59.419 ReferenceMachine INFO: setHomed(false)
2025-07-06 20:53:02.785 MainFrame INFO: Shutting down...
2025-07-06 20:53:03.100 ReferenceMachine INFO: setHomed(false)
2025-07-06 20:53:03.162 MainFrame INFO: Shutdown complete, exiting.
