2025-07-06 17:21:37.922 Main INFO: Bienvenue, Bienvenido, Willkommen, Hello, Namaskar, Welkom, Bonjour to OpenPnP version 2025-02-02_20-41-38.e468422.
2025-07-06 17:23:55.100 GcodeDriver$ReaderThread ERROR: [MEGA2560-2:ttyS0] Read error: java.io.IOException: Read error.
	at org.openpnp.machine.reference.driver.SerialPortCommunications.read(SerialPortCommunications.java:150)
	at org.openpnp.machine.reference.driver.ReferenceDriverCommunications.readUntil(ReferenceDriverCommunications.java:108)
	at org.openpnp.machine.reference.driver.ReferenceDriverCommunications.readLine(ReferenceDriverCommunications.java:86)
	at org.openpnp.machine.reference.driver.GcodeDriver$ReaderThread.run(GcodeDriver.java:1487)
2025-07-06 17:24:12.213 ReferenceMachine INFO: setHomed(true)
2025-07-06 17:24:38.459 ReferenceMachine INFO: setHomed(false)
2025-07-06 17:24:47.913 ReferenceMachine INFO: setHomed(true)
2025-07-06 17:34:12.893 GcodeDriverSolutions WARNING: PNPBOARDV1.7 failure to detect firmware: java.util.concurrent.TimeoutException: Machine still busy after timeout expired, task rejected.
	at org.openpnp.spi.base.AbstractMachine.execute(AbstractMachine.java:678)
	at org.openpnp.machine.reference.driver.GcodeDriver.detectFirmware(GcodeDriver.java:1839)
	at org.openpnp.machine.reference.solutions.GcodeDriverSolutions.findIssues(GcodeDriverSolutions.java:189)
	at org.openpnp.machine.reference.driver.GcodeDriver.findIssues(GcodeDriver.java:1949)
	at org.openpnp.spi.base.AbstractMachine.findIssues(AbstractMachine.java:822)
	at org.openpnp.machine.reference.ReferenceMachine.findIssues(ReferenceMachine.java:723)
	at org.openpnp.model.Solutions.findIssues(Solutions.java:577)
	at org.openpnp.gui.IssuesAndSolutionsPanel.lambda$findIssuesAndSolutions$0(IssuesAndSolutionsPanel.java:411)
	at org.openpnp.util.UiUtils.messageBoxOnException(UiUtils.java:203)
	at org.openpnp.gui.IssuesAndSolutionsPanel.findIssuesAndSolutions(IssuesAndSolutionsPanel.java:410)
	at org.openpnp.gui.IssuesAndSolutionsPanel$5.actionPerformed(IssuesAndSolutionsPanel.java:441)
	at java.desktop/javax.swing.AbstractButton.fireActionPerformed(AbstractButton.java:1972)
	at java.desktop/javax.swing.AbstractButton$Handler.actionPerformed(AbstractButton.java:2314)
	at java.desktop/javax.swing.DefaultButtonModel.fireActionPerformed(DefaultButtonModel.java:407)
	at java.desktop/javax.swing.DefaultButtonModel.setPressed(DefaultButtonModel.java:262)
	at java.desktop/javax.swing.plaf.basic.BasicButtonListener.mouseReleased(BasicButtonListener.java:279)
	at java.desktop/java.awt.AWTEventMulticaster.mouseReleased(AWTEventMulticaster.java:297)
	at java.desktop/java.awt.Component.processMouseEvent(Component.java:6621)
	at java.desktop/javax.swing.JComponent.processMouseEvent(JComponent.java:3398)
	at java.desktop/java.awt.Component.processEvent(Component.java:6386)
	at java.desktop/java.awt.Container.processEvent(Container.java:2266)
	at java.desktop/java.awt.Component.dispatchEventImpl(Component.java:4996)
	at java.desktop/java.awt.Container.dispatchEventImpl(Container.java:2324)
	at java.desktop/java.awt.Component.dispatchEvent(Component.java:4828)
	at java.desktop/java.awt.LightweightDispatcher.retargetMouseEvent(Container.java:4948)
	at java.desktop/java.awt.LightweightDispatcher.processMouseEvent(Container.java:4575)
	at java.desktop/java.awt.LightweightDispatcher.dispatchEvent(Container.java:4516)
	at java.desktop/java.awt.Container.dispatchEventImpl(Container.java:2310)
	at java.desktop/java.awt.Window.dispatchEventImpl(Window.java:2780)
	at java.desktop/java.awt.Component.dispatchEvent(Component.java:4828)
	at java.desktop/java.awt.EventQueue.dispatchEventImpl(EventQueue.java:775)
	at java.desktop/java.awt.EventQueue$4.run(EventQueue.java:720)
	at java.desktop/java.awt.EventQueue$4.run(EventQueue.java:714)
	at java.base/java.security.AccessController.doPrivileged(AccessController.java:400)
	at java.base/java.security.ProtectionDomain$JavaSecurityAccessImpl.doIntersectionPrivilege(ProtectionDomain.java:87)
	at java.base/java.security.ProtectionDomain$JavaSecurityAccessImpl.doIntersectionPrivilege(ProtectionDomain.java:98)
	at java.desktop/java.awt.EventQueue$5.run(EventQueue.java:747)
	at java.desktop/java.awt.EventQueue$5.run(EventQueue.java:745)
	at java.base/java.security.AccessController.doPrivileged(AccessController.java:400)
	at java.base/java.security.ProtectionDomain$JavaSecurityAccessImpl.doIntersectionPrivilege(ProtectionDomain.java:87)
	...
2025-07-06 17:41:40.970 ReferenceMachine INFO: setHomed(false)
2025-07-06 17:41:53.508 ReferenceMachine INFO: setHomed(true)
2025-07-06 17:55:23.987 ReferenceMachine INFO: setHomed(false)
2025-07-06 17:55:26.951 ReferenceMachine INFO: setHomed(true)
2025-07-06 17:55:34.575 ReferenceMachine INFO: setHomed(false)
2025-07-06 17:55:37.772 ReferenceMachine INFO: setHomed(true)
2025-07-06 17:55:42.325 ReferenceMachine INFO: setHomed(false)
2025-07-06 17:55:45.698 ReferenceMachine INFO: setHomed(true)
2025-07-06 17:55:49.440 ReferenceMachine INFO: setHomed(false)
2025-07-06 17:55:52.025 ReferenceMachine INFO: setHomed(true)
2025-07-06 17:56:54.724 ReferenceMachine INFO: setHomed(false)
2025-07-06 17:57:00.400 ReferenceMachine INFO: setHomed(true)
2025-07-06 18:01:25.921 ReferenceMachine INFO: setHomed(false)
2025-07-06 18:01:29.046 ReferenceMachine INFO: setHomed(true)
2025-07-06 18:19:55.607 ReferenceMachine INFO: setHomed(false)
2025-07-06 18:20:00.412 ReferenceMachine INFO: setHomed(true)
2025-07-06 18:20:05.315 ReferenceMachine INFO: setHomed(false)
2025-07-06 18:20:08.538 ReferenceMachine INFO: setHomed(true)
2025-07-06 18:20:28.431 ReferenceMachine INFO: setHomed(false)
2025-07-06 18:20:31.093 ReferenceMachine INFO: setHomed(true)
2025-07-06 18:22:19.298 ReferenceMachine INFO: setHomed(false)
2025-07-06 18:22:22.068 ReferenceMachine INFO: setHomed(true)
2025-07-06 18:22:41.061 ReferenceMachine INFO: setHomed(false)
2025-07-06 18:22:43.537 ReferenceMachine INFO: setHomed(true)
2025-07-06 18:22:48.246 ReferenceMachine INFO: setHomed(false)
2025-07-06 18:22:50.734 ReferenceMachine INFO: setHomed(true)
2025-07-06 18:23:00.475 ReferenceMachine INFO: setHomed(false)
2025-07-06 18:23:05.808 ReferenceMachine INFO: setHomed(true)
2025-07-06 18:23:20.762 ReferenceMachine INFO: setHomed(false)
2025-07-06 18:23:25.767 ReferenceMachine INFO: setHomed(true)
2025-07-06 18:23:41.114 ReferenceMachine INFO: setHomed(false)
2025-07-06 18:23:53.201 ReferenceMachine INFO: setHomed(false)
2025-07-06 18:24:07.345 GcodeDriver$ReaderThread ERROR: [MEGA2560-2:ttyS0] Read error: java.io.IOException: Read error.
	at org.openpnp.machine.reference.driver.SerialPortCommunications.read(SerialPortCommunications.java:150)
	at org.openpnp.machine.reference.driver.ReferenceDriverCommunications.readUntil(ReferenceDriverCommunications.java:108)
	at org.openpnp.machine.reference.driver.ReferenceDriverCommunications.readLine(ReferenceDriverCommunications.java:86)
	at org.openpnp.machine.reference.driver.GcodeDriver$ReaderThread.run(GcodeDriver.java:1487)
2025-07-06 18:25:24.540 MainFrame INFO: Shutting down...
2025-07-06 18:25:24.817 ReferenceMachine INFO: setHomed(false)
2025-07-06 18:25:25.004 MainFrame INFO: Shutdown complete, exiting.
