2025-07-04 12:34:11.964 Main INFO: Bienvenue, Bienvenido, Willkommen, Hello, Namaskar, Welkom, Bonjour to OpenPnP version 2025-02-02_20-41-38.e468422.
2025-07-04 12:35:55.166 GcodeDriver$ReaderThread ERROR: [MEGA2560-1:ttyACM0] Read error: java.io.IOException: Read error.
	at org.openpnp.machine.reference.driver.SerialPortCommunications.read(SerialPortCommunications.java:150)
	at org.openpnp.machine.reference.driver.ReferenceDriverCommunications.readUntil(ReferenceDriverCommunications.java:108)
	at org.openpnp.machine.reference.driver.ReferenceDriverCommunications.readLine(ReferenceDriverCommunications.java:86)
	at org.openpnp.machine.reference.driver.GcodeDriver$ReaderThread.run(GcodeDriver.java:1487)
2025-07-04 12:36:05.169 GcodeDriver$ReaderThread ERROR: [MEGA2560-2:ttyACM0] Read error: java.io.IOException: Read error.
	at org.openpnp.machine.reference.driver.SerialPortCommunications.read(SerialPortCommunications.java:150)
	at org.openpnp.machine.reference.driver.ReferenceDriverCommunications.readUntil(ReferenceDriverCommunications.java:108)
	at org.openpnp.machine.reference.driver.ReferenceDriverCommunications.readLine(ReferenceDriverCommunications.java:86)
	at org.openpnp.machine.reference.driver.GcodeDriver$ReaderThread.run(GcodeDriver.java:1487)
2025-07-04 12:40:58.857 ReferenceMachine INFO: setHomed(true)
2025-07-04 12:43:48.465 ReferenceMachine INFO: setHomed(false)
2025-07-04 12:43:59.768 ReferenceMachine INFO: setHomed(true)
2025-07-04 12:44:12.268 ReferenceMachine INFO: setHomed(false)
2025-07-04 12:44:25.385 ReferenceMachine INFO: setHomed(true)
2025-07-04 12:50:21.921 ReferenceMachine INFO: setHomed(false)
2025-07-04 12:50:27.753 GcodeDriver$ReaderThread ERROR: [MEGA2560-1:ttyACM0] Read error: java.io.IOException: Read error.
	at org.openpnp.machine.reference.driver.SerialPortCommunications.read(SerialPortCommunications.java:150)
	at org.openpnp.machine.reference.driver.ReferenceDriverCommunications.readUntil(ReferenceDriverCommunications.java:108)
	at org.openpnp.machine.reference.driver.ReferenceDriverCommunications.readLine(ReferenceDriverCommunications.java:86)
	at org.openpnp.machine.reference.driver.GcodeDriver$ReaderThread.run(GcodeDriver.java:1487)
2025-07-04 12:50:37.752 GcodeDriver$ReaderThread ERROR: [MEGA2560-2:ttyACM0] Read error: java.io.IOException: Read error.
	at org.openpnp.machine.reference.driver.SerialPortCommunications.read(SerialPortCommunications.java:150)
	at org.openpnp.machine.reference.driver.ReferenceDriverCommunications.readUntil(ReferenceDriverCommunications.java:108)
	at org.openpnp.machine.reference.driver.ReferenceDriverCommunications.readLine(ReferenceDriverCommunications.java:86)
	at org.openpnp.machine.reference.driver.GcodeDriver$ReaderThread.run(GcodeDriver.java:1487)
2025-07-04 12:58:16.256 ReferenceMachine INFO: setHomed(true)
2025-07-04 13:16:58.834 GcodeDriver$ReaderThread ERROR: [PNPBOARDV1.7:ttyACM0] Read error: java.io.IOException: Read error.
	at org.openpnp.machine.reference.driver.SerialPortCommunications.read(SerialPortCommunications.java:150)
	at org.openpnp.machine.reference.driver.ReferenceDriverCommunications.readUntil(ReferenceDriverCommunications.java:108)
	at org.openpnp.machine.reference.driver.ReferenceDriverCommunications.readLine(ReferenceDriverCommunications.java:86)
	at org.openpnp.machine.reference.driver.GcodeDriver$ReaderThread.run(GcodeDriver.java:1487)
2025-07-04 13:20:14.559 ReferenceMachine INFO: setHomed(false)
2025-07-04 13:20:14.599 GcodeDriver WARNING: java.lang.Exception: PNPBOARDV1.7:ttyACM0 IO Error on reading from the controller.
	at org.openpnp.machine.reference.driver.GcodeDriver.bailOnError(GcodeDriver.java:1280)
	at org.openpnp.machine.reference.driver.GcodeAsyncDriver.bailOnError(GcodeAsyncDriver.java:293)
	at org.openpnp.machine.reference.driver.GcodeAsyncDriver.sendCommand(GcodeAsyncDriver.java:310)
	at org.openpnp.machine.reference.driver.GcodeDriver.sendGcode(GcodeDriver.java:1214)
	at org.openpnp.machine.reference.driver.GcodeDriver.sendGcode(GcodeDriver.java:1196)
	at org.openpnp.machine.reference.driver.GcodeDriver.setEnabled(GcodeDriver.java:560)
	at org.openpnp.machine.reference.ReferenceMachine.setEnabled(ReferenceMachine.java:273)
	at org.openpnp.gui.MachineControlsPanel$2.lambda$actionPerformed$1(MachineControlsPanel.java:377)
	at org.openpnp.gui.MachineControlsPanel$2.lambda$actionPerformed$2(MachineControlsPanel.java:396)
	at org.openpnp.spi.base.AbstractMachine$1.call(AbstractMachine.java:575)
	at java.base/java.util.concurrent.FutureTask.run(FutureTask.java:317)
	at java.base/java.util.concurrent.ThreadPoolExecutor.runWorker(ThreadPoolExecutor.java:1144)
	at java.base/java.util.concurrent.ThreadPoolExecutor$Worker.run(ThreadPoolExecutor.java:642)
	at java.base/java.lang.Thread.run(Thread.java:1583)
2025-07-04 13:20:55.678 GcodeDriver$ReaderThread ERROR: [MEGA2560-1:ttyACM1] Read error: java.io.IOException: Read error.
	at org.openpnp.machine.reference.driver.SerialPortCommunications.read(SerialPortCommunications.java:150)
	at org.openpnp.machine.reference.driver.ReferenceDriverCommunications.readUntil(ReferenceDriverCommunications.java:108)
	at org.openpnp.machine.reference.driver.ReferenceDriverCommunications.readLine(ReferenceDriverCommunications.java:86)
	at org.openpnp.machine.reference.driver.GcodeDriver$ReaderThread.run(GcodeDriver.java:1487)
2025-07-04 13:21:05.678 GcodeDriver$ReaderThread ERROR: [MEGA2560-2:ttyACM1] Read error: java.io.IOException: Read error.
	at org.openpnp.machine.reference.driver.SerialPortCommunications.read(SerialPortCommunications.java:150)
	at org.openpnp.machine.reference.driver.ReferenceDriverCommunications.readUntil(ReferenceDriverCommunications.java:108)
	at org.openpnp.machine.reference.driver.ReferenceDriverCommunications.readLine(ReferenceDriverCommunications.java:86)
	at org.openpnp.machine.reference.driver.GcodeDriver$ReaderThread.run(GcodeDriver.java:1487)
2025-07-04 13:21:43.951 ReferenceMachine INFO: setHomed(true)
2025-07-04 13:21:48.196 ReferenceMachine INFO: setHomed(false)
2025-07-04 13:21:58.696 ReferenceMachine INFO: setHomed(true)
2025-07-04 13:22:00.587 ReferenceMachine INFO: setHomed(false)
2025-07-04 13:22:10.518 ReferenceMachine INFO: setHomed(true)
2025-07-04 13:22:22.267 ReferenceMachine INFO: setHomed(false)
2025-07-04 13:22:41.576 ReferenceMachine INFO: setHomed(true)
2025-07-04 13:23:19.831 ReferenceMachine INFO: setHomed(false)
2025-07-04 13:23:32.000 GcodeDriver$ReaderThread ERROR: [MEGA2560-1:ttyACM1] Read error: java.io.IOException: Read error.
	at org.openpnp.machine.reference.driver.SerialPortCommunications.read(SerialPortCommunications.java:150)
	at org.openpnp.machine.reference.driver.ReferenceDriverCommunications.readUntil(ReferenceDriverCommunications.java:108)
	at org.openpnp.machine.reference.driver.ReferenceDriverCommunications.readLine(ReferenceDriverCommunications.java:86)
	at org.openpnp.machine.reference.driver.GcodeDriver$ReaderThread.run(GcodeDriver.java:1487)
2025-07-04 13:23:42.000 GcodeDriver$ReaderThread ERROR: [MEGA2560-2:ttyACM1] Read error: java.io.IOException: Read error.
	at org.openpnp.machine.reference.driver.SerialPortCommunications.read(SerialPortCommunications.java:150)
	at org.openpnp.machine.reference.driver.ReferenceDriverCommunications.readUntil(ReferenceDriverCommunications.java:108)
	at org.openpnp.machine.reference.driver.ReferenceDriverCommunications.readLine(ReferenceDriverCommunications.java:86)
	at org.openpnp.machine.reference.driver.GcodeDriver$ReaderThread.run(GcodeDriver.java:1487)
2025-07-04 13:24:12.674 ReferenceMachine INFO: setHomed(true)
2025-07-04 13:29:57.571 ReferenceMachine INFO: setHomed(false)
2025-07-04 13:30:04.648 GcodeDriver$ReaderThread ERROR: [MEGA2560-1:ttyACM1] Read error: java.io.IOException: Read error.
	at org.openpnp.machine.reference.driver.SerialPortCommunications.read(SerialPortCommunications.java:150)
	at org.openpnp.machine.reference.driver.ReferenceDriverCommunications.readUntil(ReferenceDriverCommunications.java:108)
	at org.openpnp.machine.reference.driver.ReferenceDriverCommunications.readLine(ReferenceDriverCommunications.java:86)
	at org.openpnp.machine.reference.driver.GcodeDriver$ReaderThread.run(GcodeDriver.java:1487)
2025-07-04 13:30:14.649 GcodeDriver$ReaderThread ERROR: [MEGA2560-2:ttyACM1] Read error: java.io.IOException: Read error.
	at org.openpnp.machine.reference.driver.SerialPortCommunications.read(SerialPortCommunications.java:150)
	at org.openpnp.machine.reference.driver.ReferenceDriverCommunications.readUntil(ReferenceDriverCommunications.java:108)
	at org.openpnp.machine.reference.driver.ReferenceDriverCommunications.readLine(ReferenceDriverCommunications.java:86)
	at org.openpnp.machine.reference.driver.GcodeDriver$ReaderThread.run(GcodeDriver.java:1487)
2025-07-04 13:30:59.717 ReferenceMachine INFO: setHomed(true)
2025-07-04 13:43:19.675 ReferenceMachine INFO: setHomed(false)
2025-07-04 13:43:36.644 GcodeDriver$ReaderThread ERROR: [MEGA2560-2:ttyS0] Read error: java.io.IOException: Read error.
	at org.openpnp.machine.reference.driver.SerialPortCommunications.read(SerialPortCommunications.java:150)
	at org.openpnp.machine.reference.driver.ReferenceDriverCommunications.readUntil(ReferenceDriverCommunications.java:108)
	at org.openpnp.machine.reference.driver.ReferenceDriverCommunications.readLine(ReferenceDriverCommunications.java:86)
	at org.openpnp.machine.reference.driver.GcodeDriver$ReaderThread.run(GcodeDriver.java:1487)
2025-07-04 13:44:11.088 ReferenceMachine INFO: setHomed(true)
2025-07-04 13:50:37.511 ReferenceMachine INFO: setHomed(false)
2025-07-04 13:50:56.298 GcodeDriver$ReaderThread ERROR: [MEGA2560-2:ttyS0] Read error: java.io.IOException: Read error.
	at org.openpnp.machine.reference.driver.SerialPortCommunications.read(SerialPortCommunications.java:150)
	at org.openpnp.machine.reference.driver.ReferenceDriverCommunications.readUntil(ReferenceDriverCommunications.java:108)
	at org.openpnp.machine.reference.driver.ReferenceDriverCommunications.readLine(ReferenceDriverCommunications.java:86)
	at org.openpnp.machine.reference.driver.GcodeDriver$ReaderThread.run(GcodeDriver.java:1487)
2025-07-04 13:51:44.780 ReferenceMachine INFO: setHomed(true)
2025-07-04 13:55:16.273 GcodeDriver WARNING: Position report cannot be processed when motion might still be pending. Missing Machine Coordination on Actuators?
2025-07-04 14:10:29.531 ReferenceMachine INFO: setHomed(false)
2025-07-04 14:10:39.078 ReferenceMachine INFO: setHomed(true)
2025-07-04 14:20:57.656 ReferenceMachine INFO: setHomed(false)
2025-07-04 14:21:01.752 ReferenceMachine INFO: setHomed(true)
2025-07-04 14:22:13.143 ReferenceMachine INFO: setHomed(false)
2025-07-04 14:22:20.729 ReferenceMachine INFO: setHomed(true)
2025-07-04 15:10:36.665 ReferenceMachine INFO: setHomed(false)
2025-07-04 15:10:45.527 ReferenceMachine INFO: setHomed(true)
2025-07-04 15:13:23.590 ReferenceMachine INFO: setHomed(false)
2025-07-04 15:13:26.265 ReferenceMachine INFO: setHomed(true)
2025-07-04 15:13:47.645 ReferenceMachine INFO: setHomed(false)
2025-07-04 15:14:06.897 ReferenceMachine INFO: setHomed(true)
2025-07-04 17:19:19.481 ReferenceMachine INFO: setHomed(false)
2025-07-04 17:19:29.212 ReferenceMachine INFO: setHomed(true)
2025-07-04 17:44:30.363 ReferenceMachine INFO: setHomed(false)
2025-07-04 17:44:39.570 ReferenceMachine INFO: setHomed(true)
2025-07-04 17:59:31.158 ReferenceMachine INFO: setHomed(false)
2025-07-04 17:59:47.839 ReferenceMachine INFO: setHomed(true)
2025-07-04 18:08:00.928 ReferenceMachine INFO: setHomed(false)
2025-07-04 18:09:28.922 GcodeDriver$ReaderThread ERROR: [MEGA2560-2:ttyS0] Read error: java.io.IOException: Read error.
	at org.openpnp.machine.reference.driver.SerialPortCommunications.read(SerialPortCommunications.java:150)
	at org.openpnp.machine.reference.driver.ReferenceDriverCommunications.readUntil(ReferenceDriverCommunications.java:108)
	at org.openpnp.machine.reference.driver.ReferenceDriverCommunications.readLine(ReferenceDriverCommunications.java:86)
	at org.openpnp.machine.reference.driver.GcodeDriver$ReaderThread.run(GcodeDriver.java:1487)
2025-07-04 18:18:20.277 ReferenceMachine INFO: setHomed(false)
2025-07-04 18:18:35.180 GcodeDriver$ReaderThread ERROR: [MEGA2560-2:ttyS0] Read error: java.io.IOException: Read error.
	at org.openpnp.machine.reference.driver.SerialPortCommunications.read(SerialPortCommunications.java:150)
	at org.openpnp.machine.reference.driver.ReferenceDriverCommunications.readUntil(ReferenceDriverCommunications.java:108)
	at org.openpnp.machine.reference.driver.ReferenceDriverCommunications.readLine(ReferenceDriverCommunications.java:86)
	at org.openpnp.machine.reference.driver.GcodeDriver$ReaderThread.run(GcodeDriver.java:1487)
2025-07-04 18:20:34.578 ReferenceMachine INFO: setHomed(true)
2025-07-04 18:20:58.866 ReferenceMachine INFO: setHomed(false)
2025-07-04 18:21:08.394 ReferenceMachine INFO: setHomed(true)
2025-07-04 18:26:52.442 ReferenceMachine INFO: setHomed(false)
2025-07-04 18:27:05.622 ReferenceMachine INFO: setHomed(true)
2025-07-04 18:29:05.432 ReferenceMachine INFO: setHomed(false)
2025-07-04 18:29:22.268 ReferenceMachine INFO: setHomed(true)
2025-07-04 18:39:36.282 ReferenceMachine INFO: setHomed(false)
2025-07-04 18:39:46.599 ReferenceMachine INFO: setHomed(true)
2025-07-05 17:24:32.104 ReferenceMachine INFO: setHomed(false)
2025-07-06 17:16:21.875 GcodeDriver$ReaderThread ERROR: [MEGA2560-2:ttyS0] Read error: java.io.IOException: Read error.
	at org.openpnp.machine.reference.driver.SerialPortCommunications.read(SerialPortCommunications.java:150)
	at org.openpnp.machine.reference.driver.ReferenceDriverCommunications.readUntil(ReferenceDriverCommunications.java:108)
	at org.openpnp.machine.reference.driver.ReferenceDriverCommunications.readLine(ReferenceDriverCommunications.java:86)
	at org.openpnp.machine.reference.driver.GcodeDriver$ReaderThread.run(GcodeDriver.java:1487)
2025-07-06 17:18:04.468 ReferenceMachine INFO: setHomed(false)
2025-07-06 17:18:20.167 GcodeDriver$ReaderThread ERROR: [MEGA2560-2:ttyS0] Read error: java.io.IOException: Read error.
	at org.openpnp.machine.reference.driver.SerialPortCommunications.read(SerialPortCommunications.java:150)
	at org.openpnp.machine.reference.driver.ReferenceDriverCommunications.readUntil(ReferenceDriverCommunications.java:108)
	at org.openpnp.machine.reference.driver.ReferenceDriverCommunications.readLine(ReferenceDriverCommunications.java:86)
	at org.openpnp.machine.reference.driver.GcodeDriver$ReaderThread.run(GcodeDriver.java:1487)
2025-07-06 17:18:38.587 MainFrame INFO: Shutting down...
2025-07-06 17:18:39.702 ReferenceMachine INFO: setHomed(false)
2025-07-06 17:18:40.120 MainFrame INFO: Shutdown complete, exiting.
