2025-07-03 22:14:27.747 Main INFO: Bienvenue, Bienvenido, Willkommen, Hello, Namaskar, Welkom, Bonjour to OpenPnP version 2025-02-02_20-41-38.e468422.
2025-07-03 22:15:15.617 GcodeDriver$ReaderThread ERROR: [MEGA2560-1:ttyACM1] Read error: java.io.IOException: Read error.
	at org.openpnp.machine.reference.driver.SerialPortCommunications.read(SerialPortCommunications.java:150)
	at org.openpnp.machine.reference.driver.ReferenceDriverCommunications.readUntil(ReferenceDriverCommunications.java:108)
	at org.openpnp.machine.reference.driver.ReferenceDriverCommunications.readLine(ReferenceDriverCommunications.java:86)
	at org.openpnp.machine.reference.driver.GcodeDriver$ReaderThread.run(GcodeDriver.java:1487)
2025-07-03 22:15:25.619 GcodeDriver$ReaderThread ERROR: [MEGA2560-2:ttyACM1] Read error: java.io.IOException: Read error.
	at org.openpnp.machine.reference.driver.SerialPortCommunications.read(SerialPortCommunications.java:150)
	at org.openpnp.machine.reference.driver.ReferenceDriverCommunications.readUntil(ReferenceDriverCommunications.java:108)
	at org.openpnp.machine.reference.driver.ReferenceDriverCommunications.readLine(ReferenceDriverCommunications.java:86)
	at org.openpnp.machine.reference.driver.GcodeDriver$ReaderThread.run(GcodeDriver.java:1487)
2025-07-03 22:15:46.913 ReferenceMachine INFO: setHomed(true)
2025-07-03 22:15:53.048 ReferenceMachine INFO: setHomed(false)
2025-07-03 22:16:02.801 ReferenceMachine INFO: setHomed(true)
2025-07-03 22:16:26.708 ReferenceMachine INFO: setHomed(false)
2025-07-03 22:16:36.448 ReferenceMachine INFO: setHomed(true)
2025-07-03 22:16:47.814 ReferenceMachine INFO: setHomed(false)
2025-07-03 22:16:52.330 GcodeDriver$ReaderThread ERROR: [MEGA2560-1:ttyACM1] Read error: java.io.IOException: Read error.
	at org.openpnp.machine.reference.driver.SerialPortCommunications.read(SerialPortCommunications.java:150)
	at org.openpnp.machine.reference.driver.ReferenceDriverCommunications.readUntil(ReferenceDriverCommunications.java:108)
	at org.openpnp.machine.reference.driver.ReferenceDriverCommunications.readLine(ReferenceDriverCommunications.java:86)
	at org.openpnp.machine.reference.driver.GcodeDriver$ReaderThread.run(GcodeDriver.java:1487)
2025-07-03 22:17:02.331 GcodeDriver$ReaderThread ERROR: [MEGA2560-2:ttyACM1] Read error: java.io.IOException: Read error.
	at org.openpnp.machine.reference.driver.SerialPortCommunications.read(SerialPortCommunications.java:150)
	at org.openpnp.machine.reference.driver.ReferenceDriverCommunications.readUntil(ReferenceDriverCommunications.java:108)
	at org.openpnp.machine.reference.driver.ReferenceDriverCommunications.readLine(ReferenceDriverCommunications.java:86)
	at org.openpnp.machine.reference.driver.GcodeDriver$ReaderThread.run(GcodeDriver.java:1487)
2025-07-03 22:17:35.264 ReferenceMachine INFO: setHomed(true)
2025-07-03 22:25:55.041 ReferenceMachine INFO: setHomed(false)
2025-07-03 22:26:04.175 ReferenceMachine INFO: setHomed(true)
2025-07-03 22:26:56.118 ReferenceMachine INFO: setHomed(false)
2025-07-03 22:27:06.485 ReferenceMachine INFO: setHomed(true)
2025-07-03 22:27:39.254 ReferenceMachine INFO: setHomed(false)
2025-07-03 22:27:47.453 ReferenceMachine INFO: setHomed(true)
2025-07-03 22:27:52.586 ReferenceMachine INFO: setHomed(false)
2025-07-03 22:28:01.917 ReferenceMachine INFO: setHomed(true)
2025-07-03 22:38:58.109 ReferenceMachine INFO: setHomed(false)
2025-07-03 22:39:06.606 ReferenceMachine INFO: setHomed(true)
2025-07-03 22:41:09.000 ReferenceMachine INFO: setHomed(false)
2025-07-03 22:41:17.189 ReferenceMachine INFO: setHomed(true)
2025-07-03 22:42:17.254 ReferenceMachine INFO: setHomed(false)
2025-07-03 22:42:25.541 ReferenceMachine INFO: setHomed(true)
2025-07-03 22:42:41.865 ReferenceMachine INFO: setHomed(false)
2025-07-03 22:42:51.077 ReferenceMachine INFO: setHomed(true)
2025-07-03 22:44:13.174 ReferenceMachine INFO: setHomed(false)
2025-07-03 22:44:16.177 ReferenceMachine INFO: setHomed(true)
2025-07-03 22:45:17.165 ReferenceMachine INFO: setHomed(false)
2025-07-03 22:45:22.989 GcodeDriver$ReaderThread ERROR: [MEGA2560-1:ttyACM1] Read error: java.io.IOException: Read error.
	at org.openpnp.machine.reference.driver.SerialPortCommunications.read(SerialPortCommunications.java:150)
	at org.openpnp.machine.reference.driver.ReferenceDriverCommunications.readUntil(ReferenceDriverCommunications.java:108)
	at org.openpnp.machine.reference.driver.ReferenceDriverCommunications.readLine(ReferenceDriverCommunications.java:86)
	at org.openpnp.machine.reference.driver.GcodeDriver$ReaderThread.run(GcodeDriver.java:1487)
2025-07-03 22:45:32.992 GcodeDriver$ReaderThread ERROR: [MEGA2560-2:ttyACM1] Read error: java.io.IOException: Read error.
	at org.openpnp.machine.reference.driver.SerialPortCommunications.read(SerialPortCommunications.java:150)
	at org.openpnp.machine.reference.driver.ReferenceDriverCommunications.readUntil(ReferenceDriverCommunications.java:108)
	at org.openpnp.machine.reference.driver.ReferenceDriverCommunications.readLine(ReferenceDriverCommunications.java:86)
	at org.openpnp.machine.reference.driver.GcodeDriver$ReaderThread.run(GcodeDriver.java:1487)
2025-07-03 22:49:57.417 ReferenceMachine INFO: setHomed(true)
2025-07-03 22:50:54.270 ReferenceMachine INFO: setHomed(false)
2025-07-03 22:51:03.046 ReferenceMachine INFO: setHomed(true)
2025-07-03 22:54:54.298 ReferenceMachine INFO: setHomed(false)
2025-07-03 22:55:04.946 ReferenceMachine INFO: setHomed(true)
2025-07-03 22:56:37.442 ReferenceMachine INFO: setHomed(false)
2025-07-03 22:56:54.164 ReferenceMachine INFO: setHomed(true)
2025-07-03 23:00:54.570 ReferenceMachine INFO: setHomed(false)
2025-07-03 23:01:11.052 ReferenceMachine INFO: setHomed(true)
2025-07-03 23:24:14.479 GcodeDriver$ReaderThread ERROR: [PNPBOARDV1.7:ttyACM1] Read error: java.io.IOException: Read error.
	at org.openpnp.machine.reference.driver.SerialPortCommunications.read(SerialPortCommunications.java:150)
	at org.openpnp.machine.reference.driver.ReferenceDriverCommunications.readUntil(ReferenceDriverCommunications.java:108)
	at org.openpnp.machine.reference.driver.ReferenceDriverCommunications.readLine(ReferenceDriverCommunications.java:86)
	at org.openpnp.machine.reference.driver.GcodeDriver$ReaderThread.run(GcodeDriver.java:1487)
2025-07-04 12:30:38.238 ReferenceMachine INFO: setHomed(false)
2025-07-04 12:30:38.425 GcodeDriver WARNING: java.lang.Exception: PNPBOARDV1.7:ttyACM1 IO Error on reading from the controller.
	at org.openpnp.machine.reference.driver.GcodeDriver.bailOnError(GcodeDriver.java:1280)
	at org.openpnp.machine.reference.driver.GcodeAsyncDriver.bailOnError(GcodeAsyncDriver.java:293)
	at org.openpnp.machine.reference.driver.GcodeAsyncDriver.sendCommand(GcodeAsyncDriver.java:310)
	at org.openpnp.machine.reference.driver.GcodeDriver.sendGcode(GcodeDriver.java:1214)
	at org.openpnp.machine.reference.driver.GcodeDriver.sendGcode(GcodeDriver.java:1196)
	at org.openpnp.machine.reference.driver.GcodeDriver.setEnabled(GcodeDriver.java:560)
	at org.openpnp.machine.reference.ReferenceMachine.setEnabled(ReferenceMachine.java:273)
	at org.openpnp.gui.MachineControlsPanel$2.lambda$actionPerformed$1(MachineControlsPanel.java:377)
	at org.openpnp.gui.MachineControlsPanel$2.lambda$actionPerformed$2(MachineControlsPanel.java:396)
	at org.openpnp.spi.base.AbstractMachine$1.call(AbstractMachine.java:575)
	at java.base/java.util.concurrent.FutureTask.run(FutureTask.java:317)
	at java.base/java.util.concurrent.ThreadPoolExecutor.runWorker(ThreadPoolExecutor.java:1144)
	at java.base/java.util.concurrent.ThreadPoolExecutor$Worker.run(ThreadPoolExecutor.java:642)
	at java.base/java.lang.Thread.run(Thread.java:1583)
2025-07-04 12:33:56.772 MainFrame INFO: Shutting down...
2025-07-04 12:33:57.431 ReferenceMachine INFO: setHomed(false)
2025-07-04 12:33:57.531 MainFrame INFO: Shutdown complete, exiting.
