2025-07-06 18:25:35.618 Main INFO: Bienvenue, Bienvenido, Willkommen, Hello, Namaskar, Welkom, Bonjour to OpenPnP version 2025-02-02_20-41-38.e468422.
2025-07-06 18:25:52.795 GcodeDriver$ReaderThread ERROR: [MEGA2560-2:ttyS0] Read error: java.io.IOException: Read error.
	at org.openpnp.machine.reference.driver.SerialPortCommunications.read(SerialPortCommunications.java:150)
	at org.openpnp.machine.reference.driver.ReferenceDriverCommunications.readUntil(ReferenceDriverCommunications.java:108)
	at org.openpnp.machine.reference.driver.ReferenceDriverCommunications.readLine(ReferenceDriverCommunications.java:86)
	at org.openpnp.machine.reference.driver.GcodeDriver$ReaderThread.run(GcodeDriver.java:1487)
2025-07-06 18:27:23.320 ReferenceMachine INFO: setHomed(false)
2025-07-06 18:28:15.827 GcodeDriver$ReaderThread ERROR: [MEGA2560-2:ttyS0] Read error: java.io.IOException: Read error.
	at org.openpnp.machine.reference.driver.SerialPortCommunications.read(SerialPortCommunications.java:150)
	at org.openpnp.machine.reference.driver.ReferenceDriverCommunications.readUntil(ReferenceDriverCommunications.java:108)
	at org.openpnp.machine.reference.driver.ReferenceDriverCommunications.readLine(ReferenceDriverCommunications.java:86)
	at org.openpnp.machine.reference.driver.GcodeDriver$ReaderThread.run(GcodeDriver.java:1487)
2025-07-06 18:28:34.900 ReferenceMachine INFO: setHomed(true)
2025-07-06 18:33:51.799 ReferenceMachine INFO: setHomed(false)
2025-07-06 18:33:54.659 ReferenceMachine INFO: setHomed(true)
2025-07-06 18:34:21.834 ReferenceMachine INFO: setHomed(false)
2025-07-06 18:34:38.563 ReferenceMachine INFO: setHomed(true)
2025-07-06 20:00:32.511 ReferenceMachine INFO: setHomed(false)
2025-07-06 20:00:35.846 ReferenceMachine INFO: setHomed(true)
2025-07-06 20:04:41.514 ReferenceMachine INFO: setHomed(false)
2025-07-06 20:04:44.733 ReferenceMachine INFO: setHomed(true)
2025-07-06 20:04:46.964 ReferenceMachine INFO: setHomed(false)
2025-07-06 20:04:50.536 ReferenceMachine INFO: setHomed(true)
2025-07-06 20:05:20.484 ReferenceMachine INFO: setHomed(false)
2025-07-06 20:05:23.007 ReferenceMachine INFO: setHomed(true)
2025-07-06 20:07:29.316 ReferenceMachine INFO: setHomed(false)
2025-07-06 20:07:45.584 ReferenceMachine INFO: setHomed(true)
2025-07-06 20:11:30.334 MainFrame INFO: Shutting down...
2025-07-06 20:11:30.593 ReferenceMachine INFO: setHomed(false)
2025-07-06 20:11:30.765 MainFrame INFO: Shutdown complete, exiting.
